Build started 10/02/2014 16:28:41.
     1>Project "C:\Users\Ben\Dropbox\Train2Game\Portfolios\Portfolio 1\Project 2\Algorithms\Algorithms\Algorithms.vcxproj" on node 2 (Build target(s)).
     1>ClCompile:
         C:\Program Files (x86)\Microsoft Visual Studio 12.0\VC\bin\CL.exe /c /ZI /nologo /W3 /WX- /sdl /Od /Oy- /D WIN32 /D _DEBUG /D _CONSOLE /D _LIB /D _UNICODE /D UNICODE /Gm /EHsc /RTC1 /MDd /GS /fp:precise /Zc:wchar_t /Zc:forScope /Fo"Debug\\" /Fd"Debug\vc120.pdb" /Gd /TP /analyze- /errorReport:prompt StateManager.cpp
         StateManager.cpp
     1>c:\users\ben\dropbox\train2game\portfolios\portfolio 1\project 2\algorithms\algorithms\statemanager.cpp(11): error C3867: 'StateMachine::ExitState': function call missing argument list; use '&StateMachine::ExitState' to create a pointer to member
     1>c:\users\ben\dropbox\train2game\portfolios\portfolio 1\project 2\algorithms\algorithms\statemanager.cpp(12): error C3867: 'StateMachine::EnterState': function call missing argument list; use '&StateMachine::EnterState' to create a pointer to member
     1>Done Building Project "C:\Users\Ben\Dropbox\Train2Game\Portfolios\Portfolio 1\Project 2\Algorithms\Algorithms\Algorithms.vcxproj" (Build target(s)) -- FAILED.

Build FAILED.

Time Elapsed 00:00:00.21
